<?xml version="1.0" encoding="UTF-8"?>
<testng-results ignored="0" total="1" passed="1" failed="0" skipped="0">
  <reporter-output>
  </reporter-output>
  <suite started-at="2021-09-22T09:55:41Z" name="Suite" finished-at="2021-09-22T09:55:46Z" duration-ms="4872">
    <groups>
    </groups>
    <test started-at="2021-09-22T09:55:41Z" name="Test" finished-at="2021-09-22T09:55:46Z" duration-ms="4872">
      <class name="com.javacodegeeks.examples.junitmavenexample.LaunchFirefox">
        <test-method signature="launch()[pri:0, instance:com.javacodegeeks.examples.junitmavenexample.LaunchFirefox@7357a011]" started-at="2021-09-22T15:25:41Z" name="launch" finished-at="2021-09-22T15:25:46Z" duration-ms="4824" status="PASS">
          <reporter-output>
          </reporter-output>
        </test-method> <!-- launch -->
      </class> <!-- com.javacodegeeks.examples.junitmavenexample.LaunchFirefox -->
    </test> <!-- Test -->
  </suite> <!-- Suite -->
</testng-results>
