<?xml version="1.0" encoding="UTF-8"?>
<testng-results ignored="0" total="1" passed="1" failed="0" skipped="0">
  <reporter-output>
  </reporter-output>
  <suite started-at="2021-09-24T00:21:23 IST" name="Suite" finished-at="2021-09-24T00:21:29 IST" duration-ms="6103">
    <groups>
    </groups>
    <test started-at="2021-09-24T00:21:23 IST" name="Test" finished-at="2021-09-24T00:21:29 IST" duration-ms="6103">
      <class name="com.javacodegeeks.examples.junitmavenexample.LaunchFirefox">
        <test-method signature="launch()[pri:0, instance:com.javacodegeeks.examples.junitmavenexample.LaunchFirefox@70e9c95d]" started-at="2021-09-24T00:21:23 IST" name="launch" finished-at="2021-09-24T00:21:29 IST" duration-ms="6065" status="PASS">
          <reporter-output>
          </reporter-output>
        </test-method> <!-- launch -->
      </class> <!-- com.javacodegeeks.examples.junitmavenexample.LaunchFirefox -->
    </test> <!-- Test -->
  </suite> <!-- Suite -->
</testng-results>
