<?xml version="1.0" encoding="UTF-8"?>
<testng-results ignored="0" total="1" passed="1" failed="0" skipped="0">
  <reporter-output>
  </reporter-output>
  <suite started-at="2021-09-24T00:21:07 IST" name="Suite" finished-at="2021-09-24T00:21:11 IST" duration-ms="3818">
    <groups>
    </groups>
    <test started-at="2021-09-24T00:21:07 IST" name="Test" finished-at="2021-09-24T00:21:11 IST" duration-ms="3818">
      <class name="com.javacodegeeks.examples.junitmavenexample.LaunchFirefox">
        <test-method signature="launch()[pri:0, instance:com.javacodegeeks.examples.junitmavenexample.LaunchFirefox@53045c6c]" started-at="2021-09-24T00:21:08 IST" name="launch" finished-at="2021-09-24T00:21:11 IST" duration-ms="3747" status="PASS">
          <reporter-output>
          </reporter-output>
        </test-method> <!-- launch -->
      </class> <!-- com.javacodegeeks.examples.junitmavenexample.LaunchFirefox -->
    </test> <!-- Test -->
  </suite> <!-- Suite -->
</testng-results>
