<?xml version="1.0" encoding="UTF-8"?>
<testng-results ignored="0" total="1" passed="1" failed="0" skipped="0">
  <reporter-output>
  </reporter-output>
  <suite started-at="2021-09-22T09:53:21Z" name="Suite" finished-at="2021-09-22T09:53:27Z" duration-ms="6398">
    <groups>
    </groups>
    <test started-at="2021-09-22T09:53:21Z" name="Test" finished-at="2021-09-22T09:53:27Z" duration-ms="6398">
      <class name="com.javacodegeeks.examples.junitmavenexample.LaunchFirefox">
        <test-method signature="launch()[pri:0, instance:com.javacodegeeks.examples.junitmavenexample.LaunchFirefox@7cbd9d24]" started-at="2021-09-22T15:23:21Z" name="launch" finished-at="2021-09-22T15:23:27Z" duration-ms="6314" status="PASS">
          <reporter-output>
          </reporter-output>
        </test-method> <!-- launch -->
      </class> <!-- com.javacodegeeks.examples.junitmavenexample.LaunchFirefox -->
    </test> <!-- Test -->
  </suite> <!-- Suite -->
</testng-results>
